2017-08-15 11:28:44,814 [main] INFO  schedule.Engine - 
DataX engine [version=1] storage[com.taobao.datax.engine.storage.RAMStorage size 3000/1000000 buffer 50] pluginpath[/data1/test/datax/plugins/]

2017-08-15 11:28:44,827 [main] INFO  schedule.Engine - 

job:FtpReader_to_StreamWriter_job
Reader conf:
name:ftpreader id virgin-reader, pool(1) destruct(0)
params:
	                     port=[22                            ]
	                 protocol=[sftp                          ]
	                     host=[127.0.0.1                     ]
	                  columns=[*                             ]
	                    where=[?                             ]
	                 password=[******                        ]
	           have_read_file=[/data1/test/testjsxf_havereadfile]
	                 username=[zhuhq                         ]
	                      sql=[?                             ]
	              concurrency=[1                             ]
	                     path=[/data1/test/testjsxf          ]
	                 encoding=[UTF-8                         ]
	             mysql.params=[?                             ]

Writer conf [num 1]:
name:streamwriter id virgin-writer, pool(1) destruct(0)
params:
	          hiveserver_port=[10000                         ]
	                 nullchar=[?                             ]
	         partition_values=[?                             ]
	                 interval=[0                             ]
	              buffer_size=[4096                          ]
	                key_class=[org.apache.hadoop.io.Text     ]
	            hiveserver_ip=[?                             ]
	          partition_names=[?                             ]
	         compression_type=[NONE                          ]
	                    print=[true                          ]
	          key_field_index=[0                             ]
	                file_type=[TXT                           ]
	                 del_mode=[3                             ]
	           have_read_file=[/data1/test/testjsxf_havereadfile]
	               table_name=[?                             ]
	         hivetable_switch=[false                         ]
	              concurrency=[1                             ]
	                 encoding=[UTF-8                         ]
	              hadoop_conf=[?                             ]
	          prefix_filename=[part                          ]
	               line_split=[\n                            ]
	              field_split=[,                             ]
	              value_class=[org.apache.hadoop.io.Text     ]
	              codec_class=[org.apache.hadoop.io.compress.DefaultCodec]

2017-08-15 11:28:44,827 [main] INFO  schedule.Engine - DataX startups .
2017-08-15 11:28:44,827 [main] INFO  schedule.Engine - reader plugin:ftpreader
2017-08-15 11:28:44,830 [main] INFO  schedule.Engine - pluginName:ftpreader
2017-08-15 11:28:44,830 [main] INFO  schedule.Engine - replace hdfs reader to hive reader check
2017-08-15 11:28:44,830 [main] INFO  schedule.Engine - path:/data1/test/datax/plugins/reader/ftpreader
2017-08-15 11:28:44,830 [main] INFO  schedule.Engine - DataX Reader ftpreader try to load path /data1/test/datax/plugins/reader/ftpreader .
2017-08-15 11:28:44,834 [main] INFO  schedule.PluginWorker - init begin
2017-08-15 11:28:44,840 [main] INFO  schedule.PluginWorker - init end
2017-08-15 11:28:44,840 [main] INFO  schedule.Engine - DataX Reader prepare work begins .
2017-08-15 11:28:44,840 [main] INFO  schedule.PluginWorker - prepare begin
2017-08-15 11:28:44,840 [main] INFO  schedule.PluginWorker - prepare end
2017-08-15 11:28:44,840 [main] INFO  schedule.Engine - DataX Reader prepare work ends .
2017-08-15 11:28:44,840 [main] INFO  schedule.Engine - DataX Reader split work begins .
2017-08-15 11:28:44,840 [main] INFO  schedule.PluginWorker - doSplit begin
2017-08-15 11:28:45,909 [main] INFO  ftpreader.FtpReader - read metadata from file begin
2017-08-15 11:28:45,912 [main] ERROR ftpreader.SftpHelper - 请确认您的配置项path:[/data1/test/testjsxf/__metadata]存在，且配置的用户有权限读取
2017-08-15 11:28:45,913 [main] ERROR ftpreader.FtpReader - init metadata error
请确认您的配置项path:[/data1/test/testjsxf/__metadata]存在，且配置的用户有权限读取
	at com.taobao.datax.plugins.reader.ftpreader.SftpHelper.isFileExist(SftpHelper.java:119)
	at com.taobao.datax.plugins.reader.ftpreader.FtpReader.initMetadata(FtpReader.java:82)
	at com.taobao.datax.plugins.reader.ftpreader.FtpReader.split(FtpReader.java:111)
	at sun.reflect.NativeMethodAccessorImpl.invoke0(Native Method)
	at sun.reflect.NativeMethodAccessorImpl.invoke(NativeMethodAccessorImpl.java:57)
	at sun.reflect.DelegatingMethodAccessorImpl.invoke(DelegatingMethodAccessorImpl.java:43)
	at java.lang.reflect.Method.invoke(Method.java:606)
	at com.taobao.datax.engine.schedule.PluginWorker.doSplit(PluginWorker.java:222)
	at com.taobao.datax.engine.schedule.Engine.initReaderPool(Engine.java:308)
	at com.taobao.datax.engine.schedule.Engine.start(Engine.java:96)
	at com.taobao.datax.engine.schedule.Engine.main(Engine.java:481)
	at sun.reflect.NativeMethodAccessorImpl.invoke0(Native Method)
	at sun.reflect.NativeMethodAccessorImpl.invoke(NativeMethodAccessorImpl.java:57)
	at sun.reflect.DelegatingMethodAccessorImpl.invoke(DelegatingMethodAccessorImpl.java:43)
	at java.lang.reflect.Method.invoke(Method.java:606)
	at com.intellij.rt.execution.application.AppMain.main(AppMain.java:147)
2017-08-15 11:28:45,958 [main] INFO  ftpreader.FtpReader - 您即将读取的文件数为: [2]
2017-08-15 11:28:45,964 [main] INFO  schedule.PluginWorker - doSplit end
2017-08-15 11:28:45,965 [main] INFO  schedule.Engine - DataX Reader splits this job into 1 sub-jobs
2017-08-15 11:28:45,965 [main] INFO  schedule.Engine - DataX Reader split work ends .
2017-08-15 11:28:45,969 [main] INFO  schedule.Engine - DataX Reader starts to read data .
2017-08-15 11:28:45,971 [main] INFO  schedule.Engine - DataX Writer streamwriter try to load path /data1/test/datax/plugins/writer/streamwriter .
2017-08-15 11:28:45,973 [main] INFO  schedule.PluginWorker - init begin
2017-08-15 11:28:45,973 [main] INFO  schedule.PluginWorker - init end
2017-08-15 11:28:45,974 [main] INFO  schedule.Engine - DataX Writer prepare work begins .
2017-08-15 11:28:45,974 [main] INFO  schedule.PluginWorker - prepare begin
2017-08-15 11:28:45,974 [main] INFO  schedule.PluginWorker - prepare end
2017-08-15 11:28:45,974 [main] INFO  schedule.Engine - DataX Writer prepare work ends .
2017-08-15 11:28:45,974 [main] INFO  schedule.Engine - DataX Writer split work begins .
2017-08-15 11:28:45,974 [main] INFO  schedule.PluginWorker - doSplit begin
2017-08-15 11:28:45,974 [main] INFO  schedule.PluginWorker - doSplit end
2017-08-15 11:28:45,974 [main] INFO  schedule.Engine - DataX Writer splits this job into 1 sub-jobs .
2017-08-15 11:28:45,974 [main] INFO  schedule.Engine - DataX Writer split work ends .
2017-08-15 11:28:45,975 [main] INFO  schedule.Engine - DataX Writer starts to write data .
2017-08-15 11:28:45,975 [main] INFO  schedule.Engine - DataX starts to exchange data .
2017-08-15 11:28:46,163 [pool-1-thread-1] INFO  ftpreader.FtpReader - reading file : [/data1/test/testjsxf/20170806/2017080601.txt]
2017-08-15 11:28:46,173 [pool-1-thread-1] INFO  ftpreader.FtpReader - have read file /data1/test/testjsxf/20170806/2017080601.txt
2017-08-15 11:28:46,977 [pool-2-thread-1] INFO  schedule.WriterWorker - begin execute finish in finally code:0
2017-08-15 11:28:46,977 [pool-2-thread-1] INFO  schedule.WriterWorker - execute finish in finally code:0
2017-08-15 11:28:46,977 [pool-2-thread-1] INFO  schedule.WriterWorker - call result msg:null is success:true
2017-08-15 11:28:47,976 [main] INFO  schedule.Engine - DataX Reader post work begins .
2017-08-15 11:28:47,976 [main] INFO  schedule.PluginWorker - post begin
2017-08-15 11:28:47,977 [main] INFO  schedule.PluginWorker - post end
2017-08-15 11:28:47,977 [main] INFO  schedule.Engine - DataX Reader post work ends .
2017-08-15 11:28:47,977 [main] INFO  schedule.Engine - DataX Writers post work begins .
2017-08-15 11:28:47,977 [main] INFO  schedule.PluginWorker - post begin
2017-08-15 11:28:47,978 [main] INFO  schedule.PluginWorker - post end
2017-08-15 11:28:47,978 [main] INFO  schedule.Engine - DataX Writers post work ends .
2017-08-15 11:28:47,978 [main] INFO  schedule.Engine - DataX job succeed .
2017-08-15 11:28:47,978 [main] INFO  schedule.Engine - check status twice begin
2017-08-15 11:28:47,978 [main] INFO  schedule.Engine - dps length:1
2017-08-15 11:28:47,978 [main] INFO  schedule.Engine - check status twice end
2017-08-15 11:28:47,983 [main] INFO  schedule.Engine - 
DataX starts work at      : 2017-08-15 11:28:44
DataX ends work at        : 2017-08-15 11:28:47
Total time costs          :                  3s
Average byte speed        :               10B/s
Average line speed        :                1L/s
Total transferred records :                   2
Total discarded records   :                   0

2017-08-15 11:28:53,020 [main] INFO  schedule.Reporter - Report DataX statistic(null) failed
java.net.SocketTimeoutException: connect timed out
	at java.net.PlainSocketImpl.socketConnect(Native Method)
	at java.net.AbstractPlainSocketImpl.doConnect(AbstractPlainSocketImpl.java:339)
	at java.net.AbstractPlainSocketImpl.connectToAddress(AbstractPlainSocketImpl.java:200)
	at java.net.AbstractPlainSocketImpl.connect(AbstractPlainSocketImpl.java:182)
	at java.net.SocksSocketImpl.connect(SocksSocketImpl.java:392)
	at java.net.Socket.connect(Socket.java:579)
	at sun.net.NetworkClient.doConnect(NetworkClient.java:175)
	at sun.net.www.http.HttpClient.openServer(HttpClient.java:432)
	at sun.net.www.http.HttpClient.openServer(HttpClient.java:527)
	at sun.net.www.http.HttpClient.<init>(HttpClient.java:211)
	at sun.net.www.http.HttpClient.New(HttpClient.java:308)
	at sun.net.www.http.HttpClient.New(HttpClient.java:326)
	at sun.net.www.protocol.http.HttpURLConnection.getNewHttpClient(HttpURLConnection.java:997)
	at sun.net.www.protocol.http.HttpURLConnection.plainConnect(HttpURLConnection.java:933)
	at sun.net.www.protocol.http.HttpURLConnection.connect(HttpURLConnection.java:851)
	at sun.net.www.protocol.http.HttpURLConnection.getInputStream(HttpURLConnection.java:1301)
	at com.taobao.datax.engine.schedule.Reporter.report(Reporter.java:116)
	at com.taobao.datax.engine.schedule.Engine.start(Engine.java:225)
	at com.taobao.datax.engine.schedule.Engine.main(Engine.java:481)
	at sun.reflect.NativeMethodAccessorImpl.invoke0(Native Method)
	at sun.reflect.NativeMethodAccessorImpl.invoke(NativeMethodAccessorImpl.java:57)
	at sun.reflect.DelegatingMethodAccessorImpl.invoke(DelegatingMethodAccessorImpl.java:43)
	at java.lang.reflect.Method.invoke(Method.java:606)
	at com.intellij.rt.execution.application.AppMain.main(AppMain.java:147)
