2015-11-18 16:23:55,656 [main] INFO  schedule.Engine - 
DataX engine [version=1] storage[com.taobao.datax.engine.storage.RAMStorage size 3000/1000000 buffer 50] pluginpath[d:\\work\\datax\\plugins\\]

2015-11-18 16:23:55,670 [main] INFO  schedule.Engine - 

job:postgrereader_to_oraclewriter_job
Reader conf:
name:postgrereader id virgin-reader, pool(1) destruct(0)
params:
	                   tables=[dw_mbr_userinfo_20150603      ]
	                     port=[5500                          ]
	                   schema=[b2o_push                      ]
	                 username=[b2o_push                      ]
	                   dbname=[b2o                           ]
	              concurrency=[1                             ]
	                 encoding=[UTF-8                         ]
	                  columns=[*                             ]
	                    where=[1=1                           ]
	                 password=[********                      ]
	                       ip=[192.168.41.225                ]

Writer conf [num 1]:
name:oraclewriter id virgin-writer, pool(1) destruct(0)
params:
	                    limit=[0                             ]
	                   schema=[dw                            ]
	                    dtfmt=[yyyy-MM-dd hh24:mi:ss         ]
	                 username=[dw                            ]
	                      pre=[                              ]
	                   dbname=[xe                            ]
	              concurrency=[1                             ]
	                 encoding=[UTF-8                         ]
	                    table=[dw_mbr_userinfo_20151009      ]
	                 password=[**                            ]

2015-11-18 16:23:55,670 [main] INFO  schedule.Engine - DataX startups .
2015-11-18 16:23:55,677 [main] ERROR schedule.Engine - java.lang.NullPointerException
	at com.taobao.datax.engine.schedule.Engine.initReaderPool(Engine.java:224)
	at com.taobao.datax.engine.schedule.Engine.start(Engine.java:89)
	at com.taobao.datax.engine.schedule.Engine.main(Engine.java:407)
	at sun.reflect.NativeMethodAccessorImpl.invoke0(Native Method)
	at sun.reflect.NativeMethodAccessorImpl.invoke(NativeMethodAccessorImpl.java:57)
	at sun.reflect.DelegatingMethodAccessorImpl.invoke(DelegatingMethodAccessorImpl.java:43)
	at java.lang.reflect.Method.invoke(Method.java:606)
	at com.intellij.rt.execution.application.AppMain.main(AppMain.java:134)

