2015-11-18 16:47:25,216 [main] INFO  schedule.Engine - 
DataX engine [version=1] storage[com.taobao.datax.engine.storage.RAMStorage size 3000/1000000 buffer 50] pluginpath[d:\\work\\datax\\plugins\\]

2015-11-18 16:47:25,222 [main] INFO  schedule.Engine - 

job:postgrereader_to_oraclewriter_job
Reader conf:
name:postgrereader id virgin-reader, pool(1) destruct(0)
params:
	                   tables=[dw_mbr_userinfo_20150603      ]
	                     port=[5500                          ]
	                   schema=[b2o_push                      ]
	                 username=[b2o_push                      ]
	                   dbname=[b2o                           ]
	              concurrency=[1                             ]
	                 encoding=[UTF-8                         ]
	                  columns=[*                             ]
	                    where=[1=1                           ]
	                 password=[********                      ]
	                       ip=[192.168.41.225                ]

Writer conf [num 1]:
name:oraclewriter id virgin-writer, pool(1) destruct(0)
params:
	                    limit=[0                             ]
	                   schema=[dw                            ]
	                    dtfmt=[yyyy-MM-dd hh24:mi:ss         ]
	                 username=[dw                            ]
	                      pre=[                              ]
	                   dbname=[xe                            ]
	              concurrency=[1                             ]
	                 encoding=[UTF-8                         ]
	                    table=[dw_mbr_userinfo_20151009      ]
	                 password=[**                            ]

2015-11-18 16:47:25,222 [main] INFO  schedule.Engine - DataX startups .
2015-11-18 16:47:25,225 [main] INFO  schedule.Engine - DataX Reader postgrereader try to load path d:\\work\\datax\\plugins\\reader/postgrereader .
2015-11-18 16:47:25,232 [main] INFO  schedule.Engine - DataX Reader prepare work begins .
2015-11-18 16:47:25,239 [main] INFO  postgrereader.PostgreReader - PostgreReader try connection: jdbc:postgresql://192.168.41.225:5500/b2o .
2015-11-18 16:47:25,433 [main] INFO  common.DBSource - Key [239992a6473ff96b] register database pool successfully .
2015-11-18 16:47:25,437 [main] INFO  common.DBSource - Key [239992a6473ff96b] connect to database pool successfully .
2015-11-18 16:47:25,437 [main] INFO  postgrereader.PostgreReader - set postgre connection autocommit false
2015-11-18 16:47:25,437 [main] INFO  schedule.Engine - DataX Reader prepare work ends .
2015-11-18 16:47:25,437 [main] INFO  schedule.Engine - DataX Reader split work begins .
2015-11-18 16:47:25,437 [main] INFO  postgrereader.PostgreReader - PostgreReader start split mechanism .
2015-11-18 16:47:25,437 [main] INFO  postgrereader.PostgreReaderTableSplitter - PostgreReaderTableSplitter initialize begins .
2015-11-18 16:47:25,438 [main] INFO  postgrereader.PostgreReaderTableSplitter - split table size:1
2015-11-18 16:47:25,438 [main] INFO  postgrereader.PostgreReader - PostgreReader genMetaData.
2015-11-18 16:47:25,461 [main] INFO  postgrereader.PostgreReader - PostgreReader setMetaData.
2015-11-18 16:47:25,462 [main] INFO  schedule.Engine - DataX Reader splits this job into 1 sub-jobs
2015-11-18 16:47:25,462 [main] INFO  schedule.Engine - DataX Reader split work ends .
2015-11-18 16:47:25,464 [main] INFO  schedule.Engine - DataX Reader starts to read data .
2015-11-18 16:47:25,465 [main] INFO  schedule.Engine - DataX Writer oraclewriter try to load path d:\\work\\datax\\plugins\\writer/oraclewriter .
2015-11-18 16:47:25,486 [pool-1-thread-1] INFO  common.DBSource - Key [239992a6473ff96b] connect to database pool successfully .
2015-11-18 16:47:25,487 [pool-1-thread-1] INFO  postgrereader.PostgreReader - PostgreReader start to query select * from b2o_push.dw_mbr_userinfo_20150603 a where 1=1 .
2015-11-18 16:47:25,487 [pool-1-thread-1] INFO  postgrereader.PostgreReader - set postgre statement fetch size
2015-11-18 16:47:25,487 [pool-1-thread-1] INFO  postgrereader.PostgreReader - connection info autoCommit:false fetchSize1000
2015-11-18 16:47:25,491 [pool-1-thread-1] INFO  postgrereader.PostgreReader - get a ResultSet
2015-11-18 16:47:25,493 [pool-1-thread-1] INFO  postgrereader.PostgreReader - send to writer
