2017-08-08 00:14:16,305 [main] INFO  schedule.Engine - 
DataX engine [version=1] storage[com.taobao.datax.engine.storage.RAMStorage size 3000/1000000 buffer 50] pluginpath[/data1/test/datax/plugins/]

2017-08-08 00:14:16,319 [main] INFO  schedule.Engine - 

job:FtpReader_to_StreamWriter_job
Reader conf:
name:ftpreader id virgin-reader, pool(1) destruct(0)
params:
	                     port=[23                            ]
	                 username=[zhuhq                         ]
	                 protocol=[sftp                          ]
	                      sql=[?                             ]
	                     host=[127.0.0.1                     ]
	              concurrency=[1                             ]
	                 encoding=[UTF-8                         ]
	                  columns=[*                             ]
	                     path=[/data1/test/testjsxf          ]
	                    where=[?                             ]
	                 password=[******                        ]
	             mysql.params=[?                             ]

Writer conf [num 1]:
name:streamwriter id virgin-writer, pool(1) destruct(0)
params:
	          hiveserver_port=[10000                         ]
	                 nullchar=[?                             ]
	         partition_values=[?                             ]
	                 interval=[0                             ]
	              buffer_size=[4096                          ]
	                key_class=[org.apache.hadoop.io.Text     ]
	            hiveserver_ip=[?                             ]
	          partition_names=[?                             ]
	         compression_type=[NONE                          ]
	                    print=[true                          ]
	          key_field_index=[0                             ]
	                file_type=[TXT                           ]
	                 del_mode=[3                             ]
	           have_read_file=[/data1/test/testjsxf_havereadfile]
	               table_name=[?                             ]
	         hivetable_switch=[false                         ]
	              concurrency=[1                             ]
	                 encoding=[UTF-8                         ]
	              hadoop_conf=[?                             ]
	          prefix_filename=[part                          ]
	               line_split=[\n                            ]
	              field_split=[,                             ]
	              value_class=[org.apache.hadoop.io.Text     ]
	              codec_class=[org.apache.hadoop.io.compress.DefaultCodec]

2017-08-08 00:14:16,319 [main] INFO  schedule.Engine - DataX startups .
2017-08-08 00:14:16,319 [main] INFO  schedule.Engine - reader plugin:ftpreader
2017-08-08 00:14:16,322 [main] INFO  schedule.Engine - pluginName:ftpreader
2017-08-08 00:14:16,322 [main] INFO  schedule.Engine - replace hdfs reader to hive reader check
2017-08-08 00:14:16,322 [main] INFO  schedule.Engine - path:/data1/test/datax/plugins/reader/ftpreader
2017-08-08 00:14:16,323 [main] INFO  schedule.Engine - DataX Reader ftpreader try to load path /data1/test/datax/plugins/reader/ftpreader .
2017-08-08 00:14:16,327 [main] INFO  schedule.PluginWorker - init begin
2017-08-08 00:14:16,333 [main] INFO  schedule.PluginWorker - init end
2017-08-08 00:14:16,333 [main] INFO  schedule.Engine - DataX Reader prepare work begins .
2017-08-08 00:14:16,333 [main] INFO  schedule.PluginWorker - prepare begin
2017-08-08 00:14:16,333 [main] INFO  schedule.PluginWorker - prepare end
2017-08-08 00:14:16,334 [main] INFO  schedule.Engine - DataX Reader prepare work ends .
2017-08-08 00:14:16,334 [main] INFO  schedule.Engine - DataX Reader split work begins .
2017-08-08 00:14:16,334 [main] INFO  schedule.PluginWorker - doSplit begin
2017-08-08 00:14:16,364 [main] ERROR ftpreader.SftpHelper - jsch exception:
com.jcraft.jsch.JSchException: java.net.ConnectException: 拒绝连接
	at com.jcraft.jsch.Util.createSocket(Util.java:386)
	at com.jcraft.jsch.Session.connect(Session.java:182)
	at com.jcraft.jsch.Session.connect(Session.java:150)
	at com.taobao.datax.plugins.reader.ftpreader.SftpHelper.loginFtpServer(SftpHelper.java:37)
	at com.taobao.datax.plugins.reader.ftpreader.FtpReader.initFtpHelperAndLogin(FtpReader.java:75)
	at com.taobao.datax.plugins.reader.ftpreader.FtpReader.split(FtpReader.java:107)
	at sun.reflect.NativeMethodAccessorImpl.invoke0(Native Method)
	at sun.reflect.NativeMethodAccessorImpl.invoke(NativeMethodAccessorImpl.java:57)
	at sun.reflect.DelegatingMethodAccessorImpl.invoke(DelegatingMethodAccessorImpl.java:43)
	at java.lang.reflect.Method.invoke(Method.java:606)
	at com.taobao.datax.engine.schedule.PluginWorker.doSplit(PluginWorker.java:222)
	at com.taobao.datax.engine.schedule.Engine.initReaderPool(Engine.java:307)
	at com.taobao.datax.engine.schedule.Engine.start(Engine.java:95)
	at com.taobao.datax.engine.schedule.Engine.main(Engine.java:477)
	at sun.reflect.NativeMethodAccessorImpl.invoke0(Native Method)
	at sun.reflect.NativeMethodAccessorImpl.invoke(NativeMethodAccessorImpl.java:57)
	at sun.reflect.DelegatingMethodAccessorImpl.invoke(DelegatingMethodAccessorImpl.java:43)
	at java.lang.reflect.Method.invoke(Method.java:606)
	at com.intellij.rt.execution.application.AppMain.main(AppMain.java:147)
2017-08-08 00:14:16,367 [main] ERROR ftpreader.SftpHelper - 与ftp服务器建立连接失败 : [message:host =127.0.0.1,username = zhuhq,port =23]
2017-08-08 00:14:16,368 [main] ERROR schedule.PluginWorker - doSplit error:
java.lang.reflect.InvocationTargetException
	at sun.reflect.NativeMethodAccessorImpl.invoke0(Native Method)
	at sun.reflect.NativeMethodAccessorImpl.invoke(NativeMethodAccessorImpl.java:57)
	at sun.reflect.DelegatingMethodAccessorImpl.invoke(DelegatingMethodAccessorImpl.java:43)
	at java.lang.reflect.Method.invoke(Method.java:606)
	at com.taobao.datax.engine.schedule.PluginWorker.doSplit(PluginWorker.java:222)
	at com.taobao.datax.engine.schedule.Engine.initReaderPool(Engine.java:307)
	at com.taobao.datax.engine.schedule.Engine.start(Engine.java:95)
	at com.taobao.datax.engine.schedule.Engine.main(Engine.java:477)
	at sun.reflect.NativeMethodAccessorImpl.invoke0(Native Method)
	at sun.reflect.NativeMethodAccessorImpl.invoke(NativeMethodAccessorImpl.java:57)
	at sun.reflect.DelegatingMethodAccessorImpl.invoke(DelegatingMethodAccessorImpl.java:43)
	at java.lang.reflect.Method.invoke(Method.java:606)
	at com.intellij.rt.execution.application.AppMain.main(AppMain.java:147)
Caused by: 与ftp服务器建立连接失败 : [message:host =127.0.0.1,username = zhuhq,port =23]
	at com.taobao.datax.plugins.reader.ftpreader.SftpHelper.loginFtpServer(SftpHelper.java:72)
	at com.taobao.datax.plugins.reader.ftpreader.FtpReader.initFtpHelperAndLogin(FtpReader.java:75)
	at com.taobao.datax.plugins.reader.ftpreader.FtpReader.split(FtpReader.java:107)
	... 13 more
2017-08-08 00:14:16,369 [main] ERROR schedule.Engine - null
	at com.taobao.datax.engine.schedule.PluginWorker.doSplit(PluginWorker.java:228)
	at com.taobao.datax.engine.schedule.Engine.initReaderPool(Engine.java:307)
	at com.taobao.datax.engine.schedule.Engine.start(Engine.java:95)
	at com.taobao.datax.engine.schedule.Engine.main(Engine.java:477)
	at sun.reflect.NativeMethodAccessorImpl.invoke0(Native Method)
	at sun.reflect.NativeMethodAccessorImpl.invoke(NativeMethodAccessorImpl.java:57)
	at sun.reflect.DelegatingMethodAccessorImpl.invoke(DelegatingMethodAccessorImpl.java:43)
	at java.lang.reflect.Method.invoke(Method.java:606)
	at com.intellij.rt.execution.application.AppMain.main(AppMain.java:147)

