2017-08-15 12:35:17,236 [main] INFO  schedule.Engine - 
DataX engine [version=1] storage[com.taobao.datax.engine.storage.RAMStorage size 3000/1000000 buffer 50] pluginpath[/data1/test/datax/plugins/]

2017-08-15 12:35:17,245 [main] INFO  schedule.Engine - 

job:FtpReader_to_StreamWriter_job
Reader conf:
name:ftpreader id virgin-reader, pool(1) destruct(0)
params:
	             mysql.params=[?                             ]
	                  columns=[*                             ]
	                 encoding=[UTF-8                         ]
	                      sql=[?                             ]
	              concurrency=[1                             ]
	                     path=[/data1/test/testjsxf          ]
	                 protocol=[sftp                          ]
	                 password=[******                        ]
	                     port=[22                            ]
	           have_read_file=[/data1/test/testjsxf_havereadfile]
	                     host=[127.0.0.1                     ]
	                    where=[?                             ]
	                 username=[zhuhq                         ]

Writer conf [num 1]:
name:streamwriter id virgin-writer, pool(1) destruct(0)
params:
	         partition_values=[?                             ]
	              field_split=[,                             ]
	            hiveserver_ip=[?                             ]
	               line_split=[\n                            ]
	         compression_type=[NONE                          ]
	              buffer_size=[4096                          ]
	         hivetable_switch=[false                         ]
	              hadoop_conf=[?                             ]
	              codec_class=[org.apache.hadoop.io.compress.DefaultCodec]
	                 encoding=[UTF-8                         ]
	               table_name=[?                             ]
	              concurrency=[1                             ]
	          hiveserver_port=[10000                         ]
	                    print=[true                          ]
	                 del_mode=[3                             ]
	              value_class=[org.apache.hadoop.io.Text     ]
	           have_read_file=[/data1/test/testjsxf_havereadfile]
	                file_type=[TXT                           ]
	          key_field_index=[0                             ]
	                 interval=[0                             ]
	          prefix_filename=[part                          ]
	                 nullchar=[?                             ]
	                key_class=[org.apache.hadoop.io.Text     ]
	          partition_names=[?                             ]

2017-08-15 12:35:17,245 [main] INFO  schedule.Engine - DataX startups .
2017-08-15 12:35:17,245 [main] INFO  schedule.Engine - reader plugin:ftpreader
2017-08-15 12:35:17,249 [main] INFO  schedule.Engine - pluginName:ftpreader
2017-08-15 12:35:17,249 [main] INFO  schedule.Engine - replace hdfs reader to hive reader check
2017-08-15 12:35:17,249 [main] INFO  schedule.Engine - path:/data1/test/datax/plugins/reader/ftpreader
2017-08-15 12:35:17,249 [main] INFO  schedule.Engine - DataX Reader ftpreader try to load path /data1/test/datax/plugins/reader/ftpreader .
2017-08-15 12:35:17,256 [main] INFO  schedule.PluginWorker - init begin
2017-08-15 12:35:17,261 [main] INFO  schedule.PluginWorker - init end
2017-08-15 12:35:17,261 [main] INFO  schedule.Engine - DataX Reader prepare work begins .
2017-08-15 12:35:17,261 [main] INFO  schedule.PluginWorker - prepare begin
2017-08-15 12:35:17,261 [main] INFO  schedule.PluginWorker - prepare end
2017-08-15 12:35:17,261 [main] INFO  schedule.Engine - DataX Reader prepare work ends .
2017-08-15 12:35:17,261 [main] INFO  schedule.Engine - DataX Reader split work begins .
2017-08-15 12:35:17,261 [main] INFO  schedule.PluginWorker - doSplit begin
2017-08-15 12:35:17,302 [main] ERROR ftpreader.SftpHelper - jsch exception:
com.jcraft.jsch.JSchException: Session.connect: java.security.NoSuchAlgorithmException: DH KeyPairGenerator not available
	at com.jcraft.jsch.Session.connect(Session.java:495)
	at com.jcraft.jsch.Session.connect(Session.java:150)
	at com.taobao.datax.plugins.reader.ftpreader.SftpHelper.loginFtpServer(SftpHelper.java:37)
	at com.taobao.datax.plugins.reader.ftpreader.FtpReader.initFtpHelperAndLogin(FtpReader.java:77)
	at com.taobao.datax.plugins.reader.ftpreader.FtpReader.split(FtpReader.java:109)
	at sun.reflect.NativeMethodAccessorImpl.invoke0(Native Method)
	at sun.reflect.NativeMethodAccessorImpl.invoke(NativeMethodAccessorImpl.java:62)
	at sun.reflect.DelegatingMethodAccessorImpl.invoke(DelegatingMethodAccessorImpl.java:43)
	at java.lang.reflect.Method.invoke(Method.java:498)
	at com.taobao.datax.engine.schedule.PluginWorker.doSplit(PluginWorker.java:222)
	at com.taobao.datax.engine.schedule.Engine.initReaderPool(Engine.java:308)
	at com.taobao.datax.engine.schedule.Engine.start(Engine.java:96)
	at com.taobao.datax.engine.schedule.Engine.main(Engine.java:481)
2017-08-15 12:35:17,304 [main] ERROR ftpreader.SftpHelper - 与ftp服务器建立连接失败 : [message:host =127.0.0.1,username = zhuhq,port =22]
2017-08-15 12:35:17,304 [main] ERROR schedule.PluginWorker - doSplit error:
java.lang.reflect.InvocationTargetException
	at sun.reflect.NativeMethodAccessorImpl.invoke0(Native Method)
	at sun.reflect.NativeMethodAccessorImpl.invoke(NativeMethodAccessorImpl.java:62)
	at sun.reflect.DelegatingMethodAccessorImpl.invoke(DelegatingMethodAccessorImpl.java:43)
	at java.lang.reflect.Method.invoke(Method.java:498)
	at com.taobao.datax.engine.schedule.PluginWorker.doSplit(PluginWorker.java:222)
	at com.taobao.datax.engine.schedule.Engine.initReaderPool(Engine.java:308)
	at com.taobao.datax.engine.schedule.Engine.start(Engine.java:96)
	at com.taobao.datax.engine.schedule.Engine.main(Engine.java:481)
Caused by: 与ftp服务器建立连接失败 : [message:host =127.0.0.1,username = zhuhq,port =22]
	at com.taobao.datax.plugins.reader.ftpreader.SftpHelper.loginFtpServer(SftpHelper.java:72)
	at com.taobao.datax.plugins.reader.ftpreader.FtpReader.initFtpHelperAndLogin(FtpReader.java:77)
	at com.taobao.datax.plugins.reader.ftpreader.FtpReader.split(FtpReader.java:109)
	... 8 more
2017-08-15 12:35:17,305 [main] ERROR schedule.Engine - null
	at com.taobao.datax.engine.schedule.PluginWorker.doSplit(PluginWorker.java:228)
	at com.taobao.datax.engine.schedule.Engine.initReaderPool(Engine.java:308)
	at com.taobao.datax.engine.schedule.Engine.start(Engine.java:96)
	at com.taobao.datax.engine.schedule.Engine.main(Engine.java:481)

